<?xml version="1.0" encoding="UTF-8"?>
<!-- Generated by org.testng.reporters.JUnitReportReporter -->
<testsuite hostname="hp" failures="0" tests="1" name="script.Test1" time="37.494" errors="0" timestamp="2022-03-04T07:52:31 IST" skipped="0">
  <testcase classname="script.Test1" name="testA" time="37.494"/>
  <system-out>
    <![CDATA[http://www.fb.com
Facebook â€“ log in or sign up
A1
admin]]>
  </system-out>
</testsuite> <!-- script.Test1 -->
