<?xml version="1.0" encoding="UTF-8"?>
<!-- Generated by org.testng.reporters.JUnitReportReporter -->
<testsuite hostname="hp" failures="0" tests="1" name="p29.Demo1" time="12.928" errors="0" timestamp="2022-03-02T09:14:05 IST" skipped="0">
  <testcase classname="p29.Demo1" name="testA" time="12.928"/>
  <system-out/>
</testsuite> <!-- p29.Demo1 -->
